d:\stansassets\com.rotovr.sdk\com.motion.compensation\motionpose\x64\debug\vc143.pdb
d:\stansassets\com.rotovr.sdk\com.motion.compensation\motionpose\x64\debug\vc143.idb
d:\stansassets\com.rotovr.sdk\com.motion.compensation\motionpose\x64\debug\watchdogprovider.obj
d:\stansassets\com.rotovr.sdk\com.motion.compensation\motionpose\x64\debug\serverdriver.obj
d:\stansassets\com.rotovr.sdk\com.motion.compensation\motionpose\x64\debug\motionposecontroller.obj
d:\stansassets\com.rotovr.sdk\com.motion.compensation\motionpose\x64\debug\motioncompensationmanager.obj
d:\stansassets\com.rotovr.sdk\com.motion.compensation\motionpose\x64\debug\ivrserverdriverhost006hooks.obj
d:\stansassets\com.rotovr.sdk\com.motion.compensation\motionpose\x64\debug\ivrserverdriverhost005hooks.obj
d:\stansassets\com.rotovr.sdk\com.motion.compensation\motionpose\x64\debug\ivrserverdriverhost004hooks.obj
d:\stansassets\com.rotovr.sdk\com.motion.compensation\motionpose\x64\debug\ivrdrivercontexthooks.obj
d:\stansassets\com.rotovr.sdk\com.motion.compensation\motionpose\x64\debug\itrackeddeviceserverdriver005hooks.obj
d:\stansassets\com.rotovr.sdk\com.motion.compensation\motionpose\x64\debug\facade.obj
d:\stansassets\com.rotovr.sdk\com.motion.compensation\motionpose\x64\debug\driver_motionpose.obj
d:\stansassets\com.rotovr.sdk\com.motion.compensation\motionpose\x64\debug\dllmain.obj
d:\stansassets\com.rotovr.sdk\com.motion.compensation\motionpose\x64\debug\devicemanipulationhandle.obj
d:\stansassets\com.rotovr.sdk\com.motion.compensation\motionpose\x64\debug\common_hooks.obj
d:\stansassets\com.rotovr.sdk\com.motion.compensation\x64\debug\driver_rotovr.dll
d:\stansassets\com.rotovr.sdk\com.motion.compensation\x64\debug\driver_rotovr.pdb
d:\stansassets\com.rotovr.sdk\com.motion.compensation\x64\debug\driver_rotovr.lib
d:\stansassets\com.rotovr.sdk\com.motion.compensation\x64\debug\driver_rotovr.exp
d:\stansassets\com.rotovr.sdk\com.motion.compensation\motionpose\x64\debug\driver_rotovr.ilk
d:\stansassets\com.rotovr.sdk\com.motion.compensation\motionpose\x64\debug\driver_rotovr.tlog\cl.command.1.tlog
d:\stansassets\com.rotovr.sdk\com.motion.compensation\motionpose\x64\debug\driver_rotovr.tlog\cl.items.tlog
d:\stansassets\com.rotovr.sdk\com.motion.compensation\motionpose\x64\debug\driver_rotovr.tlog\cl.read.1.tlog
d:\stansassets\com.rotovr.sdk\com.motion.compensation\motionpose\x64\debug\driver_rotovr.tlog\cl.write.1.tlog
d:\stansassets\com.rotovr.sdk\com.motion.compensation\motionpose\x64\debug\driver_rotovr.tlog\link.command.1.tlog
d:\stansassets\com.rotovr.sdk\com.motion.compensation\motionpose\x64\debug\driver_rotovr.tlog\link.read.1.tlog
d:\stansassets\com.rotovr.sdk\com.motion.compensation\motionpose\x64\debug\driver_rotovr.tlog\link.secondary.1.tlog
d:\stansassets\com.rotovr.sdk\com.motion.compensation\motionpose\x64\debug\driver_rotovr.tlog\link.write.1.tlog
