[INFO ] 2025-01-14 16:30:54: |==========================================Start new Session==============================================|
[INFO ] 2025-01-14 16:30:54: rotovr dll loaded...
[INFO ] 2025-01-14 16:30:54: Init Facade
[INFO ] 2025-01-14 16:30:57: Start Session
[INFO ] 2025-01-14 16:30:57: Open MapFile_Mover
[INFO ] 2025-01-14 16:30:57: Fasade Start Session
[INFO ] 2025-01-14 16:31:01: Stop Session
[INFO ] 2025-01-14 16:31:04: Start Session
[INFO ] 2025-01-14 16:31:04: Open MapFile_Mover
[INFO ] 2025-01-14 16:31:04: Fasade Start Session
[INFO ] 2025-01-14 16:31:07: Stop Session
[INFO ] 2025-01-14 16:31:12: Start Session
[INFO ] 2025-01-14 16:31:12: Open MapFile_Mover
[INFO ] 2025-01-14 16:31:12: Fasade Start Session
[INFO ] 2025-01-14 16:31:17: Stop Session
[INFO ] 2025-01-14 16:31:31: Start Session
[INFO ] 2025-01-14 16:31:31: Open MapFile_Mover
[INFO ] 2025-01-14 16:31:31: Fasade Start Session
[INFO ] 2025-01-14 16:31:35: Stop Session
[INFO ] 2025-01-14 16:31:41: Start Session
[INFO ] 2025-01-14 16:31:41: Open MapFile_Mover
[INFO ] 2025-01-14 16:31:41: Fasade Start Session
[INFO ] 2025-01-14 16:31:45: Stop Session
[INFO ] 2025-01-14 16:48:54: |==========================================Start new Session==============================================|
[INFO ] 2025-01-14 16:48:54: rotovr dll loaded...
[INFO ] 2025-01-14 16:48:54: Init Facade
[INFO ] 2025-01-14 16:48:58: Start Session
[INFO ] 2025-01-14 16:48:58: Open MapFile_Mover
[INFO ] 2025-01-14 16:48:58: Fasade Start Session
[INFO ] 2025-01-14 16:49:06: Stop Session
[INFO ] 2025-01-14 16:49:10: Start Session
[INFO ] 2025-01-14 16:49:10: Open MapFile_Mover
[INFO ] 2025-01-14 16:49:10: Fasade Start Session
[INFO ] 2025-01-14 16:49:15: Stop Session
[INFO ] 2025-01-14 16:49:19: Start Session
[INFO ] 2025-01-14 16:49:19: Open MapFile_Mover
[INFO ] 2025-01-14 16:49:19: Fasade Start Session
[INFO ] 2025-01-14 16:49:32: Stop Session
[INFO ] 2025-01-14 17:34:08: |==========================================Start new Session==============================================|
[INFO ] 2025-01-14 17:34:08: rotovr dll loaded...
[INFO ] 2025-01-14 17:34:08: Init Facade
[INFO ] 2025-01-14 17:34:26: Start Session
[INFO ] 2025-01-14 17:34:26: Open MapFile_Mover
[INFO ] 2025-01-14 17:34:26: Fasade Start Session
[INFO ] 2025-01-14 17:34:30: Stop Session
[INFO ] 2025-01-14 17:34:44: Start Session
[INFO ] 2025-01-14 17:34:44: Open MapFile_Mover
[INFO ] 2025-01-14 17:34:44: Fasade Start Session
[INFO ] 2025-01-14 17:36:55: Stop Session
[INFO ] 2025-01-14 17:37:01: Start Session
[INFO ] 2025-01-14 17:37:01: Open MapFile_Mover
[INFO ] 2025-01-14 17:37:01: Fasade Start Session
[INFO ] 2025-01-14 17:38:24: Stop Session
[INFO ] 2025-01-14 17:42:43: |==========================================Start new Session==============================================|
[INFO ] 2025-01-14 17:42:43: rotovr dll loaded...
[INFO ] 2025-01-14 17:42:43: Init Facade
[INFO ] 2025-01-14 17:43:05: Start Session
[INFO ] 2025-01-14 17:43:05: Open MapFile_Mover
[INFO ] 2025-01-14 17:43:05: Fasade Start Session
[INFO ] 2025-01-14 17:44:43: Stop Session
[INFO ] 2025-01-14 17:51:01: |==========================================Start new Session==============================================|
[INFO ] 2025-01-14 17:51:01: rotovr dll loaded...
[INFO ] 2025-01-14 17:51:01: Init Facade
[INFO ] 2025-01-14 17:51:22: Start Session
[INFO ] 2025-01-14 17:51:22: Open MapFile_Mover
[INFO ] 2025-01-14 17:51:22: Fasade Start Session
[INFO ] 2025-01-14 17:53:30: Stop Session
[INFO ] 2025-01-14 17:55:56: Start Session
[INFO ] 2025-01-14 17:55:56: Open MapFile_Mover
[INFO ] 2025-01-14 17:55:56: Fasade Start Session
[INFO ] 2025-01-14 17:58:34: Stop Session
[INFO ] 2025-01-14 18:01:22: Start Session
[INFO ] 2025-01-14 18:01:22: Open MapFile_Mover
[INFO ] 2025-01-14 18:01:22: Fasade Start Session
[INFO ] 2025-01-14 18:04:02: Stop Session
[INFO ] 2025-01-14 18:25:07: |==========================================Start new Session==============================================|
[INFO ] 2025-01-14 18:25:07: rotovr dll loaded...
[INFO ] 2025-01-14 18:25:07: Init Facade
[INFO ] 2025-01-14 18:25:20: Start Session
[INFO ] 2025-01-14 18:25:20: Open MapFile_Mover
[INFO ] 2025-01-14 18:25:20: Fasade Start Session
[INFO ] 2025-01-14 18:26:02: Stop Session
[INFO ] 2025-01-14 18:26:26: Start Session
[INFO ] 2025-01-14 18:26:26: Open MapFile_Mover
[INFO ] 2025-01-14 18:26:26: Fasade Start Session
[INFO ] 2025-01-14 18:28:48: Stop Session
[INFO ] 2025-01-14 18:31:48: Start Session
[INFO ] 2025-01-14 18:31:48: Open MapFile_Mover
[INFO ] 2025-01-14 18:31:48: Fasade Start Session
[INFO ] 2025-01-14 18:33:27: Stop Session
[INFO ] 2025-01-14 18:35:24: Start Session
[INFO ] 2025-01-14 18:35:24: Open MapFile_Mover
[INFO ] 2025-01-14 18:35:24: Fasade Start Session
[INFO ] 2025-01-14 18:37:55: Stop Session
[INFO ] 2025-01-14 18:41:12: Start Session
[INFO ] 2025-01-14 18:41:12: Open MapFile_Mover
[INFO ] 2025-01-14 18:41:12: Fasade Start Session
[INFO ] 2025-01-14 18:43:08: Stop Session
[INFO ] 2025-01-14 18:48:18: Start Session
[INFO ] 2025-01-14 18:48:18: Open MapFile_Mover
[INFO ] 2025-01-14 18:48:18: Fasade Start Session
[INFO ] 2025-01-14 18:51:33: Stop Session
[INFO ] 2025-01-14 19:00:56: Start Session
[INFO ] 2025-01-14 19:00:56: Open MapFile_Mover
[INFO ] 2025-01-14 19:00:56: Fasade Start Session
[INFO ] 2025-01-14 19:02:05: Stop Session
[INFO ] 2025-01-14 20:32:31: |==========================================Start new Session==============================================|
[INFO ] 2025-01-14 20:32:31: rotovr dll loaded...
[INFO ] 2025-01-14 20:32:31: Init Facade
[INFO ] 2025-01-14 20:33:31: Start Session
[INFO ] 2025-01-14 20:33:31: Open MapFile_Mover
[INFO ] 2025-01-14 20:33:31: Fasade Start Session
[INFO ] 2025-01-14 20:33:35: Stop Session
[INFO ] 2025-01-14 20:34:01: Start Session
[INFO ] 2025-01-14 20:34:01: Open MapFile_Mover
[INFO ] 2025-01-14 20:34:01: Fasade Start Session
[INFO ] 2025-01-14 20:34:40: Stop Session
[INFO ] 2025-01-14 20:34:52: Start Session
[INFO ] 2025-01-14 20:34:52: Open MapFile_Mover
[INFO ] 2025-01-14 20:34:52: Fasade Start Session
[INFO ] 2025-01-14 20:37:25: Stop Session
