[INFO ] 2025-01-06 19:53:51: |========================================================================================|
[INFO ] 2025-01-06 19:53:51: motion compensation dll loaded...
[TRACE] 2025-01-06 19:53:51: Trace messages enabled.
[DEBUG] 2025-01-06 19:53:51: Debug messages enabled.
[TRACE] 2025-01-06 19:53:51: Init Facade
[INFO ] 2025-01-06 21:07:25: |========================================================================================|
[INFO ] 2025-01-06 21:07:25: motion compensation dll loaded...
[TRACE] 2025-01-06 21:07:25: Trace messages enabled.
[DEBUG] 2025-01-06 21:07:25: Debug messages enabled.
[TRACE] 2025-01-06 21:07:25: Init Facade
[INFO ] 2025-01-06 21:07:31: |========================================================================================|
[INFO ] 2025-01-06 21:07:31: motion compensation dll loaded...
[TRACE] 2025-01-06 21:07:31: Trace messages enabled.
[DEBUG] 2025-01-06 21:07:31: Debug messages enabled.
[TRACE] 2025-01-06 21:07:31: Init Facade
[TRACE] 2025-01-06 21:08:55: Start Session
[TRACE] 2025-01-06 21:08:55: Fasade Start Session
[TRACE] 2025-01-06 21:08:55: Run Frame0
[TRACE] 2025-01-06 21:08:55: Run Frame0
[TRACE] 2025-01-06 21:08:55: Run Frame0
[TRACE] 2025-01-06 21:08:55: Run Frame0
[TRACE] 2025-01-06 21:08:55: Run Frame0
[TRACE] 2025-01-06 21:08:56: Run Frame0
[TRACE] 2025-01-06 21:08:56: Run Frame0
[TRACE] 2025-01-06 21:08:56: Run Frame0
[TRACE] 2025-01-06 21:08:56: Run Frame0
[TRACE] 2025-01-06 21:08:56: Init Offset
[TRACE] 2025-01-06 21:08:56: Run Frame0
[TRACE] 2025-01-06 21:08:56: Run Frame0
[TRACE] 2025-01-06 21:08:56: Run Frame0
[TRACE] 2025-01-06 21:08:56: Run Frame0
[TRACE] 2025-01-06 21:08:56: Run Frame0
[TRACE] 2025-01-06 21:08:57: Run Frame0
[TRACE] 2025-01-06 21:08:57: Run Frame0
[TRACE] 2025-01-06 21:08:57: Run Frame0
[TRACE] 2025-01-06 21:08:57: Run Frame0
[TRACE] 2025-01-06 21:08:57: Run Frame0
[TRACE] 2025-01-06 21:08:57: Run Frame0
[TRACE] 2025-01-06 21:08:57: Run Frame0
[TRACE] 2025-01-06 21:08:57: Run Frame0
[TRACE] 2025-01-06 21:08:57: Run Frame0
[TRACE] 2025-01-06 21:08:57: Run Frame0
[TRACE] 2025-01-06 21:08:57: Run Frame0
[TRACE] 2025-01-06 21:08:58: Run Frame0
[TRACE] 2025-01-06 21:08:58: Run Frame0
[TRACE] 2025-01-06 21:08:58: Run Frame0
[TRACE] 2025-01-06 21:08:58: Run Frame0
[TRACE] 2025-01-06 21:08:58: Run Frame0
[TRACE] 2025-01-06 21:08:58: Run Frame0
[TRACE] 2025-01-06 21:08:58: Run Frame0
[TRACE] 2025-01-06 21:08:58: Run Frame0
[TRACE] 2025-01-06 21:08:58: Run Frame0
[TRACE] 2025-01-06 21:08:58: Run Frame0
[TRACE] 2025-01-06 21:08:58: Run Frame0
[TRACE] 2025-01-06 21:08:58: Run Frame0
[TRACE] 2025-01-06 21:08:59: Run Frame0
[TRACE] 2025-01-06 21:08:59: Run Frame0
[TRACE] 2025-01-06 21:08:59: Run Frame0
[TRACE] 2025-01-06 21:08:59: Run Frame0
[TRACE] 2025-01-06 21:08:59: Run Frame0
[TRACE] 2025-01-06 21:08:59: Run Frame0
[TRACE] 2025-01-06 21:08:59: Run Frame0
[TRACE] 2025-01-06 21:08:59: Run Frame0
[TRACE] 2025-01-06 21:08:59: Run Frame0
[TRACE] 2025-01-06 21:08:59: Run Frame0
[TRACE] 2025-01-06 21:08:59: Run Frame0
[TRACE] 2025-01-06 21:09:00: Run Frame0
[TRACE] 2025-01-06 21:09:00: Run Frame0
[TRACE] 2025-01-06 21:09:00: Run Frame0
[TRACE] 2025-01-06 21:09:00: Run Frame0
[TRACE] 2025-01-06 21:09:00: Run Frame0
[TRACE] 2025-01-06 21:09:00: Run Frame0
[TRACE] 2025-01-06 21:09:00: Run Frame0
[TRACE] 2025-01-06 21:09:00: Run Frame0
[TRACE] 2025-01-06 21:09:00: Run Frame0
[TRACE] 2025-01-06 21:09:01: Run Frame0
[TRACE] 2025-01-06 21:09:01: Run Frame0
[TRACE] 2025-01-06 21:09:01: Run Frame0
[TRACE] 2025-01-06 21:09:01: Run Frame0
[TRACE] 2025-01-06 21:09:01: Run Frame0
[TRACE] 2025-01-06 21:09:01: Run Frame0
[TRACE] 2025-01-06 21:09:01: Run Frame0
[TRACE] 2025-01-06 21:09:01: Run Frame0
[TRACE] 2025-01-06 21:09:01: Run Frame0
[TRACE] 2025-01-06 21:09:01: Run Frame0
[TRACE] 2025-01-06 21:09:01: Run Frame0
[TRACE] 2025-01-06 21:09:02: Run Frame0
[TRACE] 2025-01-06 21:09:02: Run Frame0
[TRACE] 2025-01-06 21:09:02: Run Frame0
[TRACE] 2025-01-06 21:09:02: Run Frame0
[TRACE] 2025-01-06 21:09:02: Run Frame0
[TRACE] 2025-01-06 21:09:02: Run Frame0
[TRACE] 2025-01-06 21:09:02: Run Frame0
[TRACE] 2025-01-06 21:09:02: Run Frame0
[TRACE] 2025-01-06 21:09:02: Run Frame0
[TRACE] 2025-01-06 21:09:02: Run Frame0
[TRACE] 2025-01-06 21:09:03: Run Frame0
[TRACE] 2025-01-06 21:09:03: Run Frame0
[TRACE] 2025-01-06 21:09:03: Run Frame0
[TRACE] 2025-01-06 21:09:03: Run Frame0
[TRACE] 2025-01-06 21:09:03: Run Frame0
[TRACE] 2025-01-06 21:09:03: Run Frame0
[TRACE] 2025-01-06 21:09:03: Run Frame0
[TRACE] 2025-01-06 21:09:03: Run Frame0
[TRACE] 2025-01-06 21:09:03: Run Frame0
[TRACE] 2025-01-06 21:09:03: Run Frame0
[TRACE] 2025-01-06 21:09:03: Run Frame0
[TRACE] 2025-01-06 21:09:04: Run Frame0
[TRACE] 2025-01-06 21:09:04: Run Frame0
[TRACE] 2025-01-06 21:09:04: Run Frame0
[TRACE] 2025-01-06 21:09:04: Run Frame0
[TRACE] 2025-01-06 21:09:04: Run Frame0
[TRACE] 2025-01-06 21:09:04: Run Frame0
[TRACE] 2025-01-06 21:09:04: Run Frame0
[TRACE] 2025-01-06 21:09:04: Run Frame0
[TRACE] 2025-01-06 21:09:04: Run Frame0
[TRACE] 2025-01-06 21:09:04: Run Frame0
[TRACE] 2025-01-06 21:09:05: Run Frame0
[TRACE] 2025-01-06 21:09:05: Run Frame0
[TRACE] 2025-01-06 21:09:05: Run Frame0
[TRACE] 2025-01-06 21:09:05: Run Frame0
[TRACE] 2025-01-06 21:09:05: Run Frame0
[TRACE] 2025-01-06 21:09:05: Run Frame0
[TRACE] 2025-01-06 21:09:05: Run Frame0
[TRACE] 2025-01-06 21:09:05: Run Frame0
[TRACE] 2025-01-06 21:09:05: Run Frame0
[TRACE] 2025-01-06 21:09:05: Run Frame0
[TRACE] 2025-01-06 21:09:06: Run Frame0
[TRACE] 2025-01-06 21:09:06: Run Frame0
[TRACE] 2025-01-06 21:09:06: Run Frame0
[TRACE] 2025-01-06 21:09:06: Run Frame0
[TRACE] 2025-01-06 21:09:06: Run Frame0
[TRACE] 2025-01-06 21:09:06: Run Frame0
[TRACE] 2025-01-06 21:09:06: Run Frame0
[TRACE] 2025-01-06 21:09:06: Run Frame0
[TRACE] 2025-01-06 21:09:06: Run Frame0
[TRACE] 2025-01-06 21:09:06: Run Frame0
[TRACE] 2025-01-06 21:09:07: Run Frame0
[TRACE] 2025-01-06 21:09:07: Run Frame0
[TRACE] 2025-01-06 21:09:07: Run Frame0
[TRACE] 2025-01-06 21:09:07: Run Frame0
[TRACE] 2025-01-06 21:09:07: Run Frame0
[TRACE] 2025-01-06 21:09:07: Run Frame0
[TRACE] 2025-01-06 21:09:07: Run Frame0
[TRACE] 2025-01-06 21:09:07: Run Frame0
[TRACE] 2025-01-06 21:09:07: Run Frame0
[TRACE] 2025-01-06 21:09:07: Run Frame0
[TRACE] 2025-01-06 21:09:08: Run Frame0
[TRACE] 2025-01-06 21:09:08: Run Frame0
[TRACE] 2025-01-06 21:09:08: Run Frame0
[TRACE] 2025-01-06 21:09:08: Run Frame0
[TRACE] 2025-01-06 21:09:08: Run Frame0
[TRACE] 2025-01-06 21:09:08: Run Frame0
[TRACE] 2025-01-06 21:09:08: Run Frame0
[TRACE] 2025-01-06 21:09:08: Run Frame0
[TRACE] 2025-01-06 21:09:08: Run Frame0
[TRACE] 2025-01-06 21:09:08: Run Frame0
[TRACE] 2025-01-06 21:09:08: Run Frame0
[TRACE] 2025-01-06 21:09:09: Run Frame0
[TRACE] 2025-01-06 21:09:09: Run Frame0
[TRACE] 2025-01-06 21:09:09: Run Frame0
[TRACE] 2025-01-06 21:09:09: Run Frame0
[TRACE] 2025-01-06 21:09:09: Run Frame0
[TRACE] 2025-01-06 21:09:09: Run Frame0
[TRACE] 2025-01-06 21:09:09: Run Frame0
[TRACE] 2025-01-06 21:09:09: Run Frame0
[TRACE] 2025-01-06 21:09:09: Run Frame0
[TRACE] 2025-01-06 21:09:09: Run Frame0
[TRACE] 2025-01-06 21:09:10: Run Frame0
[TRACE] 2025-01-06 21:09:10: Run Frame0
[TRACE] 2025-01-06 21:09:10: Run Frame0
[TRACE] 2025-01-06 21:09:10: Run Frame0
[TRACE] 2025-01-06 21:09:10: Run Frame0
[TRACE] 2025-01-06 21:09:10: Run Frame0
[TRACE] 2025-01-06 21:09:10: Run Frame0
[TRACE] 2025-01-06 21:09:10: Run Frame0
[TRACE] 2025-01-06 21:09:10: Run Frame0
[TRACE] 2025-01-06 21:09:11: Run Frame0
[TRACE] 2025-01-06 21:09:11: Run Frame0
[TRACE] 2025-01-06 21:09:11: Run Frame0
[TRACE] 2025-01-06 21:09:11: Run Frame0
[TRACE] 2025-01-06 21:09:11: Run Frame0
[TRACE] 2025-01-06 21:09:11: Run Frame0
[TRACE] 2025-01-06 21:09:11: Run Frame0
[TRACE] 2025-01-06 21:09:11: Run Frame0
[TRACE] 2025-01-06 21:09:11: Run Frame0
[TRACE] 2025-01-06 21:09:11: Run Frame0
[TRACE] 2025-01-06 21:09:12: Run Frame0
[TRACE] 2025-01-06 21:09:12: Run Frame0
[TRACE] 2025-01-06 21:09:12: Run Frame0
[TRACE] 2025-01-06 21:09:12: Run Frame0
[TRACE] 2025-01-06 21:09:12: Run Frame0
[TRACE] 2025-01-06 21:09:12: Run Frame0
[TRACE] 2025-01-06 21:09:12: Run Frame0
[TRACE] 2025-01-06 21:09:12: Run Frame0
[TRACE] 2025-01-06 21:09:12: Run Frame0
[TRACE] 2025-01-06 21:09:12: Run Frame0
[TRACE] 2025-01-06 21:09:12: Run Frame0
[TRACE] 2025-01-06 21:09:13: Run Frame0
[TRACE] 2025-01-06 21:09:13: Run Frame0
[TRACE] 2025-01-06 21:09:13: Run Frame0
[TRACE] 2025-01-06 21:09:13: Run Frame0
[TRACE] 2025-01-06 21:09:13: Run Frame0
[TRACE] 2025-01-06 21:09:13: Run Frame0
[TRACE] 2025-01-06 21:09:13: Run Frame0
[TRACE] 2025-01-06 21:09:13: Run Frame0
[TRACE] 2025-01-06 21:09:13: Run Frame0
[TRACE] 2025-01-06 21:09:14: Run Frame0
[TRACE] 2025-01-06 21:09:14: Run Frame0
[TRACE] 2025-01-06 21:09:14: Run Frame0
[TRACE] 2025-01-06 21:09:14: Run Frame0
[TRACE] 2025-01-06 21:09:14: Run Frame0
[TRACE] 2025-01-06 21:09:14: Run Frame0
[TRACE] 2025-01-06 21:09:14: Run Frame0
[TRACE] 2025-01-06 21:09:14: Run Frame0
[TRACE] 2025-01-06 21:09:14: Run Frame0
[TRACE] 2025-01-06 21:09:14: Run Frame0
[TRACE] 2025-01-06 21:09:14: Run Frame0
[TRACE] 2025-01-06 21:09:15: Run Frame0
[TRACE] 2025-01-06 21:09:15: Run Frame0
[TRACE] 2025-01-06 21:09:15: Run Frame0
[TRACE] 2025-01-06 21:09:15: Run Frame0
[TRACE] 2025-01-06 21:09:15: Run Frame0
[TRACE] 2025-01-06 21:09:15: Run Frame0
[TRACE] 2025-01-06 21:09:15: Run Frame0
[TRACE] 2025-01-06 21:09:15: Run Frame0
[TRACE] 2025-01-06 21:09:15: Run Frame0
[TRACE] 2025-01-06 21:09:15: Run Frame0
[TRACE] 2025-01-06 21:09:16: Run Frame0
[TRACE] 2025-01-06 21:09:16: Run Frame0
[TRACE] 2025-01-06 21:09:16: Run Frame0
[TRACE] 2025-01-06 21:09:16: Run Frame0
[TRACE] 2025-01-06 21:09:16: Run Frame0
[TRACE] 2025-01-06 21:09:16: Run Frame0
[TRACE] 2025-01-06 21:09:17: Run Frame0
[TRACE] 2025-01-06 21:09:17: Run Frame0
[TRACE] 2025-01-06 21:09:17: Run Frame0
[TRACE] 2025-01-06 21:09:17: Run Frame0
[TRACE] 2025-01-06 21:09:17: Run Frame0
[TRACE] 2025-01-06 21:09:17: Run Frame0
[TRACE] 2025-01-06 21:09:17: Run Frame0
[TRACE] 2025-01-06 21:09:17: Run Frame0
[TRACE] 2025-01-06 21:09:18: Run Frame0
[TRACE] 2025-01-06 21:09:18: Run Frame0
[TRACE] 2025-01-06 21:09:18: Run Frame0
[TRACE] 2025-01-06 21:09:18: Run Frame0
[TRACE] 2025-01-06 21:09:18: Run Frame0
[TRACE] 2025-01-06 21:09:18: Run Frame0
[TRACE] 2025-01-06 21:09:18: Run Frame0
[TRACE] 2025-01-06 21:09:18: Run Frame0
[TRACE] 2025-01-06 21:09:18: Run Frame0
[TRACE] 2025-01-06 21:09:18: Run Frame0
[TRACE] 2025-01-06 21:09:18: Run Frame0
[TRACE] 2025-01-06 21:09:18: Run Frame0
[TRACE] 2025-01-06 21:09:19: Run Frame0
[TRACE] 2025-01-06 21:09:19: Run Frame0
[TRACE] 2025-01-06 21:09:19: Run Frame0
[TRACE] 2025-01-06 21:09:19: Run Frame0
[TRACE] 2025-01-06 21:09:19: Run Frame0
[TRACE] 2025-01-06 21:09:19: Run Frame0
[TRACE] 2025-01-06 21:09:19: Run Frame0
[TRACE] 2025-01-06 21:09:19: Run Frame0
[TRACE] 2025-01-06 21:09:19: Run Frame0
[TRACE] 2025-01-06 21:09:19: Run Frame0
[TRACE] 2025-01-06 21:09:19: Run Frame0
[TRACE] 2025-01-06 21:09:20: Run Frame0
[TRACE] 2025-01-06 21:09:20: Run Frame0
[TRACE] 2025-01-06 21:09:20: Run Frame0
[TRACE] 2025-01-06 21:09:20: Run Frame0
[TRACE] 2025-01-06 21:09:20: Run Frame0
[TRACE] 2025-01-06 21:09:20: Run Frame0
[TRACE] 2025-01-06 21:09:20: Run Frame0
[TRACE] 2025-01-06 21:09:20: Run Frame0
[TRACE] 2025-01-06 21:09:20: Run Frame0
[TRACE] 2025-01-06 21:09:20: Run Frame0
[TRACE] 2025-01-06 21:09:21: Run Frame0
[TRACE] 2025-01-06 21:09:21: Run Frame0
[TRACE] 2025-01-06 21:09:21: Run Frame0
[TRACE] 2025-01-06 21:09:21: Run Frame0
[TRACE] 2025-01-06 21:09:21: Run Frame0
[TRACE] 2025-01-06 21:09:21: Run Frame0
[TRACE] 2025-01-06 21:09:21: Run Frame0
[TRACE] 2025-01-06 21:09:21: Run Frame0
[TRACE] 2025-01-06 21:09:21: Run Frame0
[TRACE] 2025-01-06 21:09:21: Run Frame0
[TRACE] 2025-01-06 21:09:22: Run Frame0
[TRACE] 2025-01-06 21:09:22: Run Frame0
[TRACE] 2025-01-06 21:09:22: Run Frame0
[TRACE] 2025-01-06 21:09:22: Run Frame0
[TRACE] 2025-01-06 21:09:22: Run Frame4
[TRACE] 2025-01-06 21:09:22: Run Frame14
[TRACE] 2025-01-06 21:09:22: Run Frame25
[TRACE] 2025-01-06 21:09:22: Run Frame35
[TRACE] 2025-01-06 21:09:22: Run Frame46
[TRACE] 2025-01-06 21:09:23: Run Frame57
[TRACE] 2025-01-06 21:09:23: Run Frame67
[TRACE] 2025-01-06 21:09:23: Run Frame77
[TRACE] 2025-01-06 21:09:23: Run Frame87
[TRACE] 2025-01-06 21:09:23: Run Frame98
[TRACE] 2025-01-06 21:09:23: Run Frame108
[TRACE] 2025-01-06 21:09:23: Run Frame118
[TRACE] 2025-01-06 21:09:23: Run Frame129
[TRACE] 2025-01-06 21:09:23: Run Frame139
[TRACE] 2025-01-06 21:09:23: Run Frame149
[TRACE] 2025-01-06 21:09:23: Run Frame150
[TRACE] 2025-01-06 21:09:24: Run Frame150
[TRACE] 2025-01-06 21:09:24: Run Frame150
[TRACE] 2025-01-06 21:09:24: Run Frame150
[TRACE] 2025-01-06 21:09:24: Run Frame150
[TRACE] 2025-01-06 21:09:24: Run Frame150
[TRACE] 2025-01-06 21:09:24: Run Frame150
[TRACE] 2025-01-06 21:09:24: Run Frame150
[TRACE] 2025-01-06 21:09:24: Run Frame150
[TRACE] 2025-01-06 21:09:24: Run Frame150
[TRACE] 2025-01-06 21:09:24: Run Frame150
[TRACE] 2025-01-06 21:09:24: Run Frame150
[TRACE] 2025-01-06 21:09:25: Run Frame150
[TRACE] 2025-01-06 21:09:25: Run Frame150
[TRACE] 2025-01-06 21:09:25: Run Frame150
[TRACE] 2025-01-06 21:09:25: Run Frame150
[TRACE] 2025-01-06 21:09:25: Run Frame150
[TRACE] 2025-01-06 21:09:25: Run Frame150
[TRACE] 2025-01-06 21:09:25: Run Frame150
[TRACE] 2025-01-06 21:09:25: Run Frame150
[TRACE] 2025-01-06 21:09:25: Run Frame150
[TRACE] 2025-01-06 21:09:25: Run Frame150
[TRACE] 2025-01-06 21:09:25: Run Frame150
[TRACE] 2025-01-06 21:09:25: Run Frame150
[TRACE] 2025-01-06 21:09:26: Run Frame150
[TRACE] 2025-01-06 21:09:26: Run Frame150
[TRACE] 2025-01-06 21:09:26: Run Frame150
[TRACE] 2025-01-06 21:09:26: Run Frame150
[TRACE] 2025-01-06 21:09:26: Run Frame150
[TRACE] 2025-01-06 21:09:26: Run Frame150
[TRACE] 2025-01-06 21:09:26: Run Frame150
[TRACE] 2025-01-06 21:09:26: Run Frame150
[TRACE] 2025-01-06 21:09:26: Run Frame150
[TRACE] 2025-01-06 21:09:26: Run Frame150
[TRACE] 2025-01-06 21:09:27: Run Frame150
[TRACE] 2025-01-06 21:09:27: Run Frame150
[TRACE] 2025-01-06 21:09:27: Run Frame150
[TRACE] 2025-01-06 21:09:27: Run Frame150
[TRACE] 2025-01-06 21:09:27: Run Frame150
[TRACE] 2025-01-06 21:09:27: Run Frame150
[TRACE] 2025-01-06 21:09:27: Run Frame150
[TRACE] 2025-01-06 21:09:27: Run Frame150
[TRACE] 2025-01-06 21:09:27: Run Frame150
[TRACE] 2025-01-06 21:09:27: Run Frame150
[TRACE] 2025-01-06 21:09:28: Run Frame150
[TRACE] 2025-01-06 21:09:28: Run Frame150
[TRACE] 2025-01-06 21:09:28: Run Frame150
[TRACE] 2025-01-06 21:09:28: Run Frame150
[TRACE] 2025-01-06 21:09:28: Run Frame150
[TRACE] 2025-01-06 21:09:28: Run Frame150
[TRACE] 2025-01-06 21:09:28: Run Frame150
[TRACE] 2025-01-06 21:09:28: Run Frame150
[TRACE] 2025-01-06 21:09:28: Run Frame144
[TRACE] 2025-01-06 21:09:28: Run Frame142
[TRACE] 2025-01-06 21:09:29: Run Frame142
[TRACE] 2025-01-06 21:09:29: Run Frame142
[TRACE] 2025-01-06 21:09:29: Run Frame142
[TRACE] 2025-01-06 21:09:29: Run Frame142
[TRACE] 2025-01-06 21:09:29: Run Frame142
[TRACE] 2025-01-06 21:09:29: Run Frame142
[TRACE] 2025-01-06 21:09:29: Run Frame142
[TRACE] 2025-01-06 21:09:29: Run Frame142
[TRACE] 2025-01-06 21:09:29: Run Frame142
[TRACE] 2025-01-06 21:09:29: Run Frame142
[TRACE] 2025-01-06 21:09:30: Run Frame137
[TRACE] 2025-01-06 21:09:30: Run Frame130
[TRACE] 2025-01-06 21:09:30: Run Frame130
[TRACE] 2025-01-06 21:09:30: Run Frame132
[TRACE] 2025-01-06 21:09:30: Run Frame142
[TRACE] 2025-01-06 21:09:30: Run Frame153
[TRACE] 2025-01-06 21:09:30: Run Frame158
[TRACE] 2025-01-06 21:09:30: Run Frame158
[TRACE] 2025-01-06 21:09:30: Run Frame158
[TRACE] 2025-01-06 21:09:30: Run Frame158
[TRACE] 2025-01-06 21:09:31: Run Frame158
[TRACE] 2025-01-06 21:09:31: Run Frame158
[TRACE] 2025-01-06 21:09:31: Run Frame158
[TRACE] 2025-01-06 21:09:31: Run Frame158
[TRACE] 2025-01-06 21:09:31: Run Frame158
[TRACE] 2025-01-06 21:09:31: Run Frame158
[TRACE] 2025-01-06 21:09:31: Run Frame158
[TRACE] 2025-01-06 21:09:31: Run Frame158
[TRACE] 2025-01-06 21:09:31: Run Frame158
[TRACE] 2025-01-06 21:09:31: Run Frame158
[TRACE] 2025-01-06 21:09:32: Run Frame158
[TRACE] 2025-01-06 21:09:32: Run Frame158
[TRACE] 2025-01-06 21:09:32: Run Frame158
[TRACE] 2025-01-06 21:09:32: Run Frame158
[TRACE] 2025-01-06 21:09:32: Run Frame158
[TRACE] 2025-01-06 21:09:32: Run Frame158
[TRACE] 2025-01-06 21:09:32: Run Frame158
[TRACE] 2025-01-06 21:09:32: Run Frame158
[TRACE] 2025-01-06 21:09:32: Run Frame158
[TRACE] 2025-01-06 21:09:32: Run Frame158
[TRACE] 2025-01-06 21:09:33: Run Frame158
[TRACE] 2025-01-06 21:09:33: Run Frame158
[TRACE] 2025-01-06 21:09:33: Run Frame158
[TRACE] 2025-01-06 21:09:33: Run Frame158
[TRACE] 2025-01-06 21:09:33: Run Frame158
[TRACE] 2025-01-06 21:09:33: Run Frame158
[TRACE] 2025-01-06 21:09:33: Run Frame158
[TRACE] 2025-01-06 21:09:33: Run Frame158
[TRACE] 2025-01-06 21:09:33: Run Frame158
[TRACE] 2025-01-06 21:09:33: Run Frame158
[TRACE] 2025-01-06 21:09:34: Run Frame158
[TRACE] 2025-01-06 21:09:34: Run Frame158
[TRACE] 2025-01-06 21:09:34: Run Frame158
[TRACE] 2025-01-06 21:09:34: Run Frame158
[TRACE] 2025-01-06 21:09:34: Run Frame158
[TRACE] 2025-01-06 21:09:34: Run Frame158
[TRACE] 2025-01-06 21:09:34: Run Frame152
[TRACE] 2025-01-06 21:09:34: Run Frame141
[TRACE] 2025-01-06 21:09:34: Run Frame137
[TRACE] 2025-01-06 21:09:34: Run Frame134
[TRACE] 2025-01-06 21:09:35: Run Frame132
[TRACE] 2025-01-06 21:09:35: Run Frame132
[TRACE] 2025-01-06 21:09:35: Run Frame131
[TRACE] 2025-01-06 21:09:35: Run Frame121
[TRACE] 2025-01-06 21:09:35: Run Frame119
[TRACE] 2025-01-06 21:09:35: Run Frame111
[TRACE] 2025-01-06 21:09:35: Run Frame105
[TRACE] 2025-01-06 21:09:35: Run Frame102
[TRACE] 2025-01-06 21:09:35: Run Frame102
[TRACE] 2025-01-06 21:09:35: Run Frame102
[TRACE] 2025-01-06 21:09:36: Run Frame102
[TRACE] 2025-01-06 21:09:36: Run Frame100
[TRACE] 2025-01-06 21:09:36: Run Frame89
[TRACE] 2025-01-06 21:09:36: Run Frame78
[TRACE] 2025-01-06 21:09:36: Run Frame71
[TRACE] 2025-01-06 21:09:36: Run Frame71
[TRACE] 2025-01-06 21:09:36: Run Frame71
[TRACE] 2025-01-06 21:09:36: Run Frame76
[TRACE] 2025-01-06 21:09:36: Run Frame80
[TRACE] 2025-01-06 21:09:36: Run Frame81
[TRACE] 2025-01-06 21:09:37: Run Frame86
[TRACE] 2025-01-06 21:09:37: Run Frame92
[TRACE] 2025-01-06 21:09:37: Run Frame96
[TRACE] 2025-01-06 21:09:37: Run Frame98
[TRACE] 2025-01-06 21:09:37: Run Frame98
[TRACE] 2025-01-06 21:09:37: Run Frame98
[TRACE] 2025-01-06 21:09:37: Run Frame98
[TRACE] 2025-01-06 21:09:37: Run Frame108
[TRACE] 2025-01-06 21:09:37: Run Frame118
[TRACE] 2025-01-06 21:09:37: Run Frame124
[TRACE] 2025-01-06 21:09:38: Run Frame129
[TRACE] 2025-01-06 21:09:38: Run Frame133
[TRACE] 2025-01-06 21:09:38: Run Frame132
[TRACE] 2025-01-06 21:09:38: Run Frame137
[TRACE] 2025-01-06 21:09:38: Run Frame147
[TRACE] 2025-01-06 21:09:38: Run Frame152
[TRACE] 2025-01-06 21:09:38: Run Frame154
[TRACE] 2025-01-06 21:09:38: Run Frame164
[TRACE] 2025-01-06 21:09:38: Run Frame169
[TRACE] 2025-01-06 21:09:38: Run Frame173
[TRACE] 2025-01-06 21:09:39: Run Frame181
[TRACE] 2025-01-06 21:09:39: Run Frame187
[TRACE] 2025-01-06 21:09:39: Run Frame193
[TRACE] 2025-01-06 21:09:39: Run Frame199
[TRACE] 2025-01-06 21:09:39: Run Frame204
[TRACE] 2025-01-06 21:09:39: Run Frame211
[TRACE] 2025-01-06 21:09:39: Run Frame216
[TRACE] 2025-01-06 21:09:39: Run Frame221
[TRACE] 2025-01-06 21:09:39: Run Frame227
[TRACE] 2025-01-06 21:09:39: Run Frame232
[TRACE] 2025-01-06 21:09:40: Run Frame239
[TRACE] 2025-01-06 21:09:40: Run Frame240
[TRACE] 2025-01-06 21:09:40: Run Frame240
[TRACE] 2025-01-06 21:09:40: Run Frame240
[TRACE] 2025-01-06 21:09:40: Run Frame240
[TRACE] 2025-01-06 21:09:40: Run Frame240
[TRACE] 2025-01-06 21:09:40: Run Frame240
[TRACE] 2025-01-06 21:09:40: Run Frame240
[TRACE] 2025-01-06 21:09:40: Run Frame240
[TRACE] 2025-01-06 21:09:40: Run Frame240
[TRACE] 2025-01-06 21:09:41: Run Frame240
[TRACE] 2025-01-06 21:09:41: Run Frame240
[TRACE] 2025-01-06 21:09:41: Run Frame240
[TRACE] 2025-01-06 21:09:41: Run Frame236
[TRACE] 2025-01-06 21:09:41: Run Frame236
[TRACE] 2025-01-06 21:09:41: Run Frame236
[TRACE] 2025-01-06 21:09:41: Run Frame236
[TRACE] 2025-01-06 21:09:41: Run Frame232
[TRACE] 2025-01-06 21:09:41: Run Frame227
[TRACE] 2025-01-06 21:09:41: Run Frame223
[TRACE] 2025-01-06 21:09:42: Run Frame219
[TRACE] 2025-01-06 21:09:42: Run Frame217
[TRACE] 2025-01-06 21:09:42: Run Frame211
[TRACE] 2025-01-06 21:09:42: Run Frame208
[TRACE] 2025-01-06 21:09:42: Run Frame204
[TRACE] 2025-01-06 21:09:42: Run Frame200
[TRACE] 2025-01-06 21:09:42: Run Frame195
[TRACE] 2025-01-06 21:09:42: Run Frame190
[TRACE] 2025-01-06 21:09:42: Run Frame187
[TRACE] 2025-01-06 21:09:42: Run Frame181
[TRACE] 2025-01-06 21:09:43: Run Frame174
[TRACE] 2025-01-06 21:09:43: Run Frame170
[TRACE] 2025-01-06 21:09:43: Run Frame162
[TRACE] 2025-01-06 21:09:43: Run Frame158
[TRACE] 2025-01-06 21:09:43: Run Frame152
[TRACE] 2025-01-06 21:09:43: Run Frame145
[TRACE] 2025-01-06 21:09:43: Run Frame145
[TRACE] 2025-01-06 21:09:43: Run Frame138
[TRACE] 2025-01-06 21:09:43: Run Frame127
[TRACE] 2025-01-06 21:09:43: Run Frame117
[TRACE] 2025-01-06 21:09:44: Run Frame117
[TRACE] 2025-01-06 21:09:44: Run Frame115
[TRACE] 2025-01-06 21:09:44: Run Frame101
[TRACE] 2025-01-06 21:09:44: Run Frame99
[TRACE] 2025-01-06 21:09:44: Run Frame97
[TRACE] 2025-01-06 21:09:44: Run Frame89
[TRACE] 2025-01-06 21:09:44: Run Frame79
[TRACE] 2025-01-06 21:09:44: Run Frame75
[TRACE] 2025-01-06 21:09:44: Run Frame73
[TRACE] 2025-01-06 21:09:44: Run Frame66
[TRACE] 2025-01-06 21:09:45: Run Frame56
[TRACE] 2025-01-06 21:09:45: Run Frame56
[TRACE] 2025-01-06 21:09:45: Run Frame53
[TRACE] 2025-01-06 21:09:45: Run Frame53
[TRACE] 2025-01-06 21:09:45: Run Frame53
[TRACE] 2025-01-06 21:09:45: Run Frame53
[TRACE] 2025-01-06 21:09:45: Run Frame53
[TRACE] 2025-01-06 21:09:45: Run Frame53
[TRACE] 2025-01-06 21:09:45: Run Frame56
[TRACE] 2025-01-06 21:09:45: Run Frame61
[TRACE] 2025-01-06 21:09:46: Run Frame67
[TRACE] 2025-01-06 21:09:46: Run Frame72
[TRACE] 2025-01-06 21:09:46: Run Frame77
[TRACE] 2025-01-06 21:09:46: Run Frame81
[TRACE] 2025-01-06 21:09:46: Run Frame89
[TRACE] 2025-01-06 21:09:46: Run Frame91
[TRACE] 2025-01-06 21:09:46: Run Frame97
[TRACE] 2025-01-06 21:09:46: Run Frame102
[TRACE] 2025-01-06 21:09:46: Run Frame102
[TRACE] 2025-01-06 21:09:46: Run Frame102
[TRACE] 2025-01-06 21:09:47: Run Frame110
[TRACE] 2025-01-06 21:09:47: Run Frame120
[TRACE] 2025-01-06 21:09:47: Run Frame120
[TRACE] 2025-01-06 21:09:47: Run Frame126
[TRACE] 2025-01-06 21:09:47: Run Frame130
[TRACE] 2025-01-06 21:09:47: Run Frame133
[TRACE] 2025-01-06 21:09:47: Run Frame133
[TRACE] 2025-01-06 21:09:47: Run Frame133
[TRACE] 2025-01-06 21:09:47: Run Frame135
[TRACE] 2025-01-06 21:09:47: Run Frame145
[TRACE] 2025-01-06 21:09:48: Run Frame147
[TRACE] 2025-01-06 21:09:48: Run Frame147
[TRACE] 2025-01-06 21:09:48: Run Frame152
[TRACE] 2025-01-06 21:09:48: Run Frame152
[TRACE] 2025-01-06 21:09:48: Run Frame152
[TRACE] 2025-01-06 21:09:48: Run Frame152
[TRACE] 2025-01-06 21:09:48: Run Frame157
[TRACE] 2025-01-06 21:09:48: Run Frame167
[TRACE] 2025-01-06 21:09:48: Run Frame170
[TRACE] 2025-01-06 21:09:48: Run Frame171
[TRACE] 2025-01-06 21:09:49: Run Frame176
[TRACE] 2025-01-06 21:09:49: Run Frame176
[TRACE] 2025-01-06 21:09:49: Run Frame183
[TRACE] 2025-01-06 21:09:49: Run Frame189
[TRACE] 2025-01-06 21:09:49: Run Frame192
[TRACE] 2025-01-06 21:09:49: Run Frame196
[TRACE] 2025-01-06 21:09:49: Run Frame200
[TRACE] 2025-01-06 21:09:49: Run Frame200
[TRACE] 2025-01-06 21:09:49: Run Frame203
[TRACE] 2025-01-06 21:09:49: Run Frame204
[TRACE] 2025-01-06 21:09:50: Run Frame206
[TRACE] 2025-01-06 21:09:50: Run Frame211
[TRACE] 2025-01-06 21:09:50: Run Frame212
[TRACE] 2025-01-06 21:09:50: Run Frame219
[TRACE] 2025-01-06 21:09:50: Run Frame226
[TRACE] 2025-01-06 21:09:50: Run Frame234
[TRACE] 2025-01-06 21:09:50: Run Frame234
[TRACE] 2025-01-06 21:09:50: Run Frame238
[TRACE] 2025-01-06 21:09:50: Run Frame238
[TRACE] 2025-01-06 21:09:50: Run Frame236
[TRACE] 2025-01-06 21:09:51: Run Frame232
[TRACE] 2025-01-06 21:09:51: Run Frame229
[TRACE] 2025-01-06 21:09:51: Run Frame226
[TRACE] 2025-01-06 21:09:51: Run Frame223
[TRACE] 2025-01-06 21:09:51: Run Frame220
[TRACE] 2025-01-06 21:09:51: Run Frame215
[TRACE] 2025-01-06 21:09:51: Run Frame211
[TRACE] 2025-01-06 21:09:51: Run Frame207
[TRACE] 2025-01-06 21:09:51: Run Frame200
[TRACE] 2025-01-06 21:09:51: Run Frame196
[TRACE] 2025-01-06 21:09:52: Run Frame190
[TRACE] 2025-01-06 21:09:52: Run Frame185
[TRACE] 2025-01-06 21:09:52: Run Frame181
[TRACE] 2025-01-06 21:09:52: Run Frame179
[TRACE] 2025-01-06 21:09:52: Run Frame176
[TRACE] 2025-01-06 21:09:52: Run Frame166
[TRACE] 2025-01-06 21:09:52: Run Frame159
[TRACE] 2025-01-06 21:09:52: Run Frame152
[TRACE] 2025-01-06 21:09:52: Run Frame145
[TRACE] 2025-01-06 21:09:52: Run Frame139
[TRACE] 2025-01-06 21:09:53: Run Frame139
[TRACE] 2025-01-06 21:09:53: Run Frame139
[TRACE] 2025-01-06 21:09:53: Run Frame133
[TRACE] 2025-01-06 21:09:53: Run Frame123
[TRACE] 2025-01-06 21:09:53: Run Frame112
[TRACE] 2025-01-06 21:09:53: Run Frame101
[TRACE] 2025-01-06 21:09:53: Run Frame90
[TRACE] 2025-01-06 21:09:53: Run Frame79
[TRACE] 2025-01-06 21:09:53: Run Frame68
[TRACE] 2025-01-06 21:09:53: Run Frame63
[TRACE] 2025-01-06 21:09:54: Run Frame59
[TRACE] 2025-01-06 21:09:54: Run Frame54
[TRACE] 2025-01-06 21:09:54: Run Frame54
[TRACE] 2025-01-06 21:09:54: Run Frame48
[TRACE] 2025-01-06 21:09:54: Run Frame40
[TRACE] 2025-01-06 21:09:54: Run Frame40
[TRACE] 2025-01-06 21:09:54: Run Frame37
[TRACE] 2025-01-06 21:09:54: Run Frame35
[TRACE] 2025-01-06 21:09:54: Run Frame33
[TRACE] 2025-01-06 21:09:54: Run Frame33
[TRACE] 2025-01-06 21:09:55: Run Frame32
[TRACE] 2025-01-06 21:09:55: Run Frame31
[TRACE] 2025-01-06 21:09:55: Run Frame31
[TRACE] 2025-01-06 21:09:55: Run Frame28
[TRACE] 2025-01-06 21:09:55: Run Frame28
[TRACE] 2025-01-06 21:09:55: Run Frame22
[TRACE] 2025-01-06 21:09:55: Run Frame11
[TRACE] 2025-01-06 21:09:55: Run Frame0
[TRACE] 2025-01-06 21:09:55: Run Frame357
[TRACE] 2025-01-06 21:09:55: Run Frame357
[TRACE] 2025-01-06 21:09:56: Run Frame358
[TRACE] 2025-01-06 21:09:56: Run Frame358
[TRACE] 2025-01-06 21:09:56: Run Frame358
[TRACE] 2025-01-06 21:09:56: Run Frame358
[TRACE] 2025-01-06 21:09:56: Run Frame358
[TRACE] 2025-01-06 21:09:56: Run Frame358
[TRACE] 2025-01-06 21:09:56: Run Frame358
[TRACE] 2025-01-06 21:09:56: Run Frame358
[TRACE] 2025-01-06 21:09:56: Run Frame358
[TRACE] 2025-01-06 21:09:56: Run Frame358
[TRACE] 2025-01-06 21:09:57: Run Frame358
[TRACE] 2025-01-06 21:09:57: Run Frame358
[TRACE] 2025-01-06 21:09:57: Run Frame358
[TRACE] 2025-01-06 21:09:57: Run Frame358
[TRACE] 2025-01-06 21:09:57: Run Frame358
[TRACE] 2025-01-06 21:09:57: Run Frame358
[TRACE] 2025-01-06 21:09:57: Run Frame358
[TRACE] 2025-01-06 21:09:57: Run Frame358
[TRACE] 2025-01-06 21:09:57: Run Frame358
[TRACE] 2025-01-06 21:09:57: Run Frame358
[TRACE] 2025-01-06 21:09:58: Run Frame358
[TRACE] 2025-01-06 21:09:58: Run Frame358
[TRACE] 2025-01-06 21:09:58: Run Frame358
[TRACE] 2025-01-06 21:09:58: Run Frame358
[TRACE] 2025-01-06 21:09:58: Run Frame358
[TRACE] 2025-01-06 21:09:58: Run Frame358
[TRACE] 2025-01-06 21:09:58: Run Frame358
[TRACE] 2025-01-06 21:09:58: Run Frame358
[TRACE] 2025-01-06 21:09:58: Run Frame358
[TRACE] 2025-01-06 21:09:59: Run Frame358
[TRACE] 2025-01-06 21:09:59: Run Frame358
[TRACE] 2025-01-06 21:09:59: Run Frame358
[TRACE] 2025-01-06 21:09:59: Run Frame358
[TRACE] 2025-01-06 21:09:59: Run Frame358
[TRACE] 2025-01-06 21:09:59: Run Frame358
[TRACE] 2025-01-06 21:09:59: Run Frame358
[TRACE] 2025-01-06 21:09:59: Run Frame358
[TRACE] 2025-01-06 21:10:00: Run Frame358
[TRACE] 2025-01-06 21:10:00: Run Frame358
[TRACE] 2025-01-06 21:10:00: Run Frame358
[TRACE] 2025-01-06 21:10:00: Run Frame358
[TRACE] 2025-01-06 21:10:00: Run Frame358
[TRACE] 2025-01-06 21:10:00: Run Frame358
[TRACE] 2025-01-06 21:10:00: Run Frame358
[TRACE] 2025-01-06 21:10:00: Run Frame358
[TRACE] 2025-01-06 21:10:00: Run Frame358
[TRACE] 2025-01-06 21:10:00: Run Frame358
[TRACE] 2025-01-06 21:10:00: Run Frame358
[TRACE] 2025-01-06 21:10:01: Run Frame358
[TRACE] 2025-01-06 21:10:01: Run Frame358
[TRACE] 2025-01-06 21:10:01: Run Frame358
[TRACE] 2025-01-06 21:10:01: Run Frame358
[TRACE] 2025-01-06 21:10:01: Run Frame358
[TRACE] 2025-01-06 21:10:01: Run Frame358
[TRACE] 2025-01-06 21:10:01: Run Frame358
[TRACE] 2025-01-06 21:10:01: Run Frame358
[TRACE] 2025-01-06 21:10:01: Run Frame358
[TRACE] 2025-01-06 21:10:01: Run Frame358
[TRACE] 2025-01-06 21:10:01: Run Frame358
[TRACE] 2025-01-06 21:10:02: Run Frame358
[TRACE] 2025-01-06 21:10:02: Run Frame358
[TRACE] 2025-01-06 21:10:02: Run Frame358
[TRACE] 2025-01-06 21:10:02: Run Frame358
[TRACE] 2025-01-06 21:10:02: Run Frame358
[TRACE] 2025-01-06 21:10:02: Run Frame358
[TRACE] 2025-01-06 21:10:02: Run Frame358
[TRACE] 2025-01-06 21:10:02: Run Frame358
[TRACE] 2025-01-06 21:10:02: Run Frame358
[TRACE] 2025-01-06 21:10:02: Run Frame358
[TRACE] 2025-01-06 21:10:03: Run Frame358
[TRACE] 2025-01-06 21:10:03: Run Frame358
[TRACE] 2025-01-06 21:10:03: Run Frame358
[TRACE] 2025-01-06 21:10:03: Run Frame358
[TRACE] 2025-01-06 21:10:03: Run Frame358
[TRACE] 2025-01-06 21:10:03: Run Frame358
[TRACE] 2025-01-06 21:10:03: Run Frame358
[TRACE] 2025-01-06 21:10:03: Run Frame358
[TRACE] 2025-01-06 21:10:03: Run Frame358
[TRACE] 2025-01-06 21:10:03: Run Frame358
[TRACE] 2025-01-06 21:10:04: Run Frame358
[TRACE] 2025-01-06 21:10:04: Run Frame358
[TRACE] 2025-01-06 21:10:04: Run Frame358
[TRACE] 2025-01-06 21:10:04: Run Frame358
[TRACE] 2025-01-06 21:10:04: Run Frame358
[TRACE] 2025-01-06 21:10:04: Run Frame358
[TRACE] 2025-01-06 21:10:04: Run Frame358
[TRACE] 2025-01-06 21:10:04: Run Frame358
[TRACE] 2025-01-06 21:10:04: Run Frame358
[TRACE] 2025-01-06 21:10:05: Run Frame358
[TRACE] 2025-01-06 21:10:05: Run Frame358
[TRACE] 2025-01-06 21:10:05: Run Frame358
[TRACE] 2025-01-06 21:10:05: Run Frame358
[TRACE] 2025-01-06 21:10:05: Run Frame358
[TRACE] 2025-01-06 21:10:05: Run Frame358
[TRACE] 2025-01-06 21:10:05: Run Frame358
[TRACE] 2025-01-06 21:10:05: Run Frame358
[TRACE] 2025-01-06 21:10:05: Run Frame358
[TRACE] 2025-01-06 21:10:05: Run Frame358
[TRACE] 2025-01-06 21:10:06: Run Frame358
[TRACE] 2025-01-06 21:10:06: Run Frame358
[TRACE] 2025-01-06 21:10:06: Run Frame358
[TRACE] 2025-01-06 21:10:06: Run Frame358
[TRACE] 2025-01-06 21:10:06: Run Frame358
[TRACE] 2025-01-06 21:10:06: Run Frame358
[TRACE] 2025-01-06 21:10:06: Run Frame358
[TRACE] 2025-01-06 21:10:06: Run Frame358
[TRACE] 2025-01-06 21:10:06: Run Frame358
[TRACE] 2025-01-06 21:10:06: Run Frame358
[TRACE] 2025-01-06 21:10:07: Run Frame358
[TRACE] 2025-01-06 21:10:07: Run Frame358
[TRACE] 2025-01-06 21:10:07: Run Frame358
[TRACE] 2025-01-06 21:10:07: Run Frame358
[TRACE] 2025-01-06 21:10:07: Run Frame358
[TRACE] 2025-01-06 21:10:07: Run Frame358
[TRACE] 2025-01-06 21:10:07: Run Frame358
[TRACE] 2025-01-06 21:10:07: Run Frame358
[TRACE] 2025-01-06 21:10:07: Run Frame358
[TRACE] 2025-01-06 21:10:07: Run Frame358
[TRACE] 2025-01-06 21:10:08: Run Frame358
[TRACE] 2025-01-06 21:10:08: Run Frame358
[TRACE] 2025-01-06 21:10:08: Run Frame358
[TRACE] 2025-01-06 21:10:08: Run Frame358
[TRACE] 2025-01-06 21:10:08: Run Frame358
[TRACE] 2025-01-06 21:10:08: Run Frame358
[TRACE] 2025-01-06 21:10:08: Run Frame358
[TRACE] 2025-01-06 21:10:08: Run Frame358
[TRACE] 2025-01-06 21:10:08: Run Frame358
[TRACE] 2025-01-06 21:10:08: Run Frame358
[TRACE] 2025-01-06 21:10:08: Run Frame358
[TRACE] 2025-01-06 21:10:09: Run Frame358
[TRACE] 2025-01-06 21:10:09: Run Frame358
[TRACE] 2025-01-06 21:10:09: Run Frame358
[TRACE] 2025-01-06 21:10:09: Run Frame358
[TRACE] 2025-01-06 21:10:09: Run Frame358
[TRACE] 2025-01-06 21:10:09: Run Frame358
[TRACE] 2025-01-06 21:10:09: Run Frame358
[TRACE] 2025-01-06 21:10:09: Run Frame358
[TRACE] 2025-01-06 21:10:09: Run Frame358
[TRACE] 2025-01-06 21:10:09: Run Frame358
[TRACE] 2025-01-06 21:10:09: Run Frame358
[TRACE] 2025-01-06 21:10:10: Run Frame358
[TRACE] 2025-01-06 21:10:10: Run Frame358
[TRACE] 2025-01-06 21:10:10: Run Frame358
[TRACE] 2025-01-06 21:10:10: Run Frame358
[TRACE] 2025-01-06 21:10:10: Run Frame358
[TRACE] 2025-01-06 21:10:10: Run Frame358
[TRACE] 2025-01-06 21:10:10: Run Frame358
[TRACE] 2025-01-06 21:10:10: Run Frame358
[TRACE] 2025-01-06 21:10:10: Run Frame358
[TRACE] 2025-01-06 21:10:10: Run Frame358
[TRACE] 2025-01-06 21:10:11: Run Frame358
[TRACE] 2025-01-06 21:10:11: Run Frame358
[TRACE] 2025-01-06 21:10:11: Run Frame358
[TRACE] 2025-01-06 21:10:11: Run Frame358
[TRACE] 2025-01-06 21:10:11: Run Frame358
[TRACE] 2025-01-06 21:10:11: Run Frame358
[TRACE] 2025-01-06 21:10:11: Run Frame358
[TRACE] 2025-01-06 21:10:11: Run Frame358
[TRACE] 2025-01-06 21:10:11: Run Frame358
[TRACE] 2025-01-06 21:10:11: Run Frame358
[TRACE] 2025-01-06 21:10:12: Run Frame358
[TRACE] 2025-01-06 21:10:12: Run Frame358
[TRACE] 2025-01-06 21:10:12: Run Frame358
[TRACE] 2025-01-06 21:10:12: Run Frame358
[TRACE] 2025-01-06 21:10:12: Run Frame358
[TRACE] 2025-01-06 21:10:12: Run Frame358
[TRACE] 2025-01-06 21:10:12: Run Frame358
[TRACE] 2025-01-06 21:10:12: Run Frame358
[TRACE] 2025-01-06 21:10:12: Run Frame358
[TRACE] 2025-01-06 21:10:12: Run Frame358
[TRACE] 2025-01-06 21:10:13: Run Frame358
[TRACE] 2025-01-06 21:10:13: Run Frame358
[TRACE] 2025-01-06 21:10:13: Run Frame358
[TRACE] 2025-01-06 21:10:13: Run Frame358
[TRACE] 2025-01-06 21:10:13: Run Frame358
[TRACE] 2025-01-06 21:10:13: Run Frame358
[TRACE] 2025-01-06 21:10:13: Run Frame358
[TRACE] 2025-01-06 21:10:13: Run Frame358
[TRACE] 2025-01-06 21:10:13: Run Frame358
[TRACE] 2025-01-06 21:10:13: Run Frame358
[TRACE] 2025-01-06 21:10:14: Run Frame358
[TRACE] 2025-01-06 21:10:14: Run Frame358
[TRACE] 2025-01-06 21:10:14: Run Frame358
[TRACE] 2025-01-06 21:10:14: Run Frame358
[TRACE] 2025-01-06 21:10:14: Run Frame358
[TRACE] 2025-01-06 21:10:14: Run Frame358
[TRACE] 2025-01-06 21:10:14: Run Frame358
[TRACE] 2025-01-06 21:10:14: Run Frame358
[TRACE] 2025-01-06 21:10:14: Run Frame358
[TRACE] 2025-01-06 21:10:14: Run Frame358
[TRACE] 2025-01-06 21:10:15: Run Frame358
[TRACE] 2025-01-06 21:10:15: Run Frame358
[TRACE] 2025-01-06 21:10:15: Run Frame358
[TRACE] 2025-01-06 21:10:15: Run Frame358
[TRACE] 2025-01-06 21:10:15: Run Frame358
[TRACE] 2025-01-06 21:10:15: Run Frame358
[TRACE] 2025-01-06 21:10:15: Run Frame358
[TRACE] 2025-01-06 21:10:15: Run Frame358
[TRACE] 2025-01-06 21:10:15: Run Frame358
[TRACE] 2025-01-06 21:10:15: Run Frame358
[TRACE] 2025-01-06 21:10:16: Run Frame358
[TRACE] 2025-01-06 21:10:16: Run Frame358
[TRACE] 2025-01-06 21:10:16: Run Frame358
[TRACE] 2025-01-06 21:10:16: Run Frame358
[TRACE] 2025-01-06 21:10:16: Run Frame358
[TRACE] 2025-01-06 21:10:16: Run Frame358
[TRACE] 2025-01-06 21:10:16: Run Frame358
[TRACE] 2025-01-06 21:10:16: Run Frame358
[TRACE] 2025-01-06 21:10:16: Run Frame358
[TRACE] 2025-01-06 21:10:16: Run Frame358
[TRACE] 2025-01-06 21:10:17: Run Frame358
[TRACE] 2025-01-06 21:10:17: Run Frame358
[TRACE] 2025-01-06 21:10:17: Run Frame358
[TRACE] 2025-01-06 21:10:17: Run Frame358
[TRACE] 2025-01-06 21:10:17: Run Frame358
[TRACE] 2025-01-06 21:10:17: Run Frame358
[TRACE] 2025-01-06 21:10:17: Run Frame358
[TRACE] 2025-01-06 21:10:17: Run Frame358
[TRACE] 2025-01-06 21:10:17: Run Frame358
[TRACE] 2025-01-06 21:10:17: Run Frame358
[TRACE] 2025-01-06 21:10:18: Run Frame358
[TRACE] 2025-01-06 21:10:18: Run Frame358
[TRACE] 2025-01-06 21:10:18: Run Frame358
[TRACE] 2025-01-06 21:10:18: Run Frame358
[TRACE] 2025-01-06 21:10:18: Run Frame358
[TRACE] 2025-01-06 21:10:18: Run Frame358
[TRACE] 2025-01-06 21:10:18: Run Frame358
[TRACE] 2025-01-06 21:10:18: Run Frame358
[TRACE] 2025-01-06 21:10:18: Run Frame358
[TRACE] 2025-01-06 21:10:18: Run Frame358
[TRACE] 2025-01-06 21:10:19: Run Frame358
[TRACE] 2025-01-06 21:10:19: Run Frame358
[TRACE] 2025-01-06 21:10:19: Run Frame358
[TRACE] 2025-01-06 21:10:19: Run Frame358
[TRACE] 2025-01-06 21:10:19: Run Frame358
[TRACE] 2025-01-06 21:10:19: Run Frame358
[TRACE] 2025-01-06 21:10:19: Run Frame358
[TRACE] 2025-01-06 21:10:19: Run Frame358
[TRACE] 2025-01-06 21:10:19: Run Frame358
[TRACE] 2025-01-06 21:10:19: Run Frame358
[TRACE] 2025-01-06 21:10:20: Run Frame358
[TRACE] 2025-01-06 21:10:20: Run Frame358
[TRACE] 2025-01-06 21:10:20: Run Frame358
[TRACE] 2025-01-06 21:10:20: Run Frame358
[TRACE] 2025-01-06 21:10:20: Run Frame358
[TRACE] 2025-01-06 21:10:20: Run Frame358
[TRACE] 2025-01-06 21:10:20: Run Frame358
[TRACE] 2025-01-06 21:10:20: Run Frame358
[TRACE] 2025-01-06 21:10:20: Run Frame358
[TRACE] 2025-01-06 21:10:20: Run Frame358
[TRACE] 2025-01-06 21:10:21: Run Frame358
[TRACE] 2025-01-06 21:10:21: Run Frame358
[TRACE] 2025-01-06 21:10:21: Run Frame358
[TRACE] 2025-01-06 21:10:21: Run Frame358
[TRACE] 2025-01-06 21:10:21: Run Frame358
[TRACE] 2025-01-06 21:10:21: Run Frame358
[TRACE] 2025-01-06 21:10:21: Run Frame358
[TRACE] 2025-01-06 21:10:21: Run Frame358
[TRACE] 2025-01-06 21:10:21: Run Frame358
[TRACE] 2025-01-06 21:10:21: Run Frame358
[TRACE] 2025-01-06 21:10:22: Run Frame358
[TRACE] 2025-01-06 21:10:22: Run Frame358
[TRACE] 2025-01-06 21:10:22: Run Frame358
[TRACE] 2025-01-06 21:10:22: Run Frame358
[TRACE] 2025-01-06 21:10:22: Run Frame358
[TRACE] 2025-01-06 21:10:22: Run Frame358
[TRACE] 2025-01-06 21:10:22: Run Frame358
[TRACE] 2025-01-06 21:10:22: Run Frame358
[TRACE] 2025-01-06 21:10:22: Run Frame358
[TRACE] 2025-01-06 21:10:22: Run Frame358
[TRACE] 2025-01-06 21:10:23: Run Frame358
[TRACE] 2025-01-06 21:10:23: Run Frame358
[TRACE] 2025-01-06 21:10:23: Run Frame358
[TRACE] 2025-01-06 21:10:23: Run Frame358
[TRACE] 2025-01-06 21:10:23: Run Frame358
[TRACE] 2025-01-06 21:10:23: Run Frame358
[TRACE] 2025-01-06 21:10:23: Run Frame358
[TRACE] 2025-01-06 21:10:23: Run Frame358
[TRACE] 2025-01-06 21:10:23: Run Frame358
[TRACE] 2025-01-06 21:10:23: Run Frame358
[TRACE] 2025-01-06 21:10:24: Run Frame358
[TRACE] 2025-01-06 21:10:24: Run Frame358
[TRACE] 2025-01-06 21:10:24: Run Frame358
[TRACE] 2025-01-06 21:10:24: Run Frame358
[TRACE] 2025-01-06 21:10:24: Run Frame358
[TRACE] 2025-01-06 21:10:24: Run Frame358
[TRACE] 2025-01-06 21:10:24: Run Frame358
[TRACE] 2025-01-06 21:10:24: Run Frame358
[TRACE] 2025-01-06 21:10:24: Run Frame358
[TRACE] 2025-01-06 21:10:24: Run Frame358
[TRACE] 2025-01-06 21:10:25: Run Frame358
[TRACE] 2025-01-06 21:10:25: Run Frame358
[TRACE] 2025-01-06 21:10:25: Run Frame358
[TRACE] 2025-01-06 21:10:25: Run Frame358
[TRACE] 2025-01-06 21:10:25: Run Frame358
[TRACE] 2025-01-06 21:10:25: Run Frame358
[TRACE] 2025-01-06 21:10:25: Run Frame358
[TRACE] 2025-01-06 21:10:25: Run Frame358
[TRACE] 2025-01-06 21:10:25: Run Frame358
[TRACE] 2025-01-06 21:10:25: Run Frame358
[TRACE] 2025-01-06 21:10:26: Run Frame358
[TRACE] 2025-01-06 21:10:26: Run Frame358
[TRACE] 2025-01-06 21:10:26: Run Frame358
[TRACE] 2025-01-06 21:10:26: Run Frame358
[TRACE] 2025-01-06 21:10:26: Run Frame358
[TRACE] 2025-01-06 21:10:26: Run Frame358
[TRACE] 2025-01-06 21:10:26: Run Frame358
[TRACE] 2025-01-06 21:10:26: Run Frame358
[TRACE] 2025-01-06 21:10:26: Run Frame358
[TRACE] 2025-01-06 21:10:26: Run Frame358
[TRACE] 2025-01-06 21:10:27: Run Frame358
[TRACE] 2025-01-06 21:10:27: Run Frame358
[TRACE] 2025-01-06 21:10:27: Run Frame358
[TRACE] 2025-01-06 21:10:27: Run Frame358
[TRACE] 2025-01-06 21:10:27: Run Frame358
[TRACE] 2025-01-06 21:10:27: Run Frame358
[TRACE] 2025-01-06 21:10:27: Run Frame358
[TRACE] 2025-01-06 21:10:27: Run Frame358
[TRACE] 2025-01-06 21:10:27: Run Frame358
[TRACE] 2025-01-06 21:10:27: Run Frame358
[TRACE] 2025-01-06 21:10:28: Run Frame358
[TRACE] 2025-01-06 21:10:28: Run Frame358
[TRACE] 2025-01-06 21:10:28: Run Frame358
[TRACE] 2025-01-06 21:10:28: Run Frame358
[TRACE] 2025-01-06 21:10:28: Run Frame358
[TRACE] 2025-01-06 21:10:28: Run Frame358
[TRACE] 2025-01-06 21:10:28: Run Frame358
[TRACE] 2025-01-06 21:10:28: Run Frame358
[TRACE] 2025-01-06 21:10:28: Run Frame358
[TRACE] 2025-01-06 21:10:28: Run Frame358
[TRACE] 2025-01-06 21:10:29: Run Frame358
[TRACE] 2025-01-06 21:10:29: Run Frame358
[TRACE] 2025-01-06 21:10:29: Run Frame358
[TRACE] 2025-01-06 21:10:29: Run Frame358
[TRACE] 2025-01-06 21:10:29: Run Frame358
[TRACE] 2025-01-06 21:10:29: Run Frame358
[TRACE] 2025-01-06 21:10:29: Run Frame358
[TRACE] 2025-01-06 21:10:29: Run Frame358
[TRACE] 2025-01-06 21:10:29: Run Frame358
[TRACE] 2025-01-06 21:10:29: Run Frame358
[TRACE] 2025-01-06 21:10:30: Run Frame358
[TRACE] 2025-01-06 21:10:30: Run Frame358
[TRACE] 2025-01-06 21:10:30: Run Frame358
[TRACE] 2025-01-06 21:10:30: Run Frame358
[TRACE] 2025-01-06 21:10:30: Run Frame358
[TRACE] 2025-01-06 21:10:30: Run Frame358
[TRACE] 2025-01-06 21:10:30: Run Frame358
[TRACE] 2025-01-06 21:10:30: Run Frame358
[TRACE] 2025-01-06 21:10:30: Run Frame358
[TRACE] 2025-01-06 21:10:30: Run Frame358
[TRACE] 2025-01-06 21:10:31: Run Frame358
[TRACE] 2025-01-06 21:10:31: Run Frame358
[TRACE] 2025-01-06 21:10:31: Run Frame358
[TRACE] 2025-01-06 21:10:31: Run Frame358
[TRACE] 2025-01-06 21:10:31: Run Frame358
[TRACE] 2025-01-06 21:10:31: Run Frame358
[TRACE] 2025-01-06 21:10:31: Run Frame358
[TRACE] 2025-01-06 21:10:31: Run Frame358
[TRACE] 2025-01-06 21:10:31: Run Frame358
[TRACE] 2025-01-06 21:10:31: Run Frame358
[TRACE] 2025-01-06 21:10:32: Run Frame358
[TRACE] 2025-01-06 21:10:32: Run Frame358
[TRACE] 2025-01-06 21:10:32: Run Frame358
[TRACE] 2025-01-06 21:10:32: Run Frame358
[TRACE] 2025-01-06 21:10:32: Run Frame358
[TRACE] 2025-01-06 21:10:32: Run Frame358
[TRACE] 2025-01-06 21:10:32: Run Frame358
[TRACE] 2025-01-06 21:10:32: Run Frame358
[TRACE] 2025-01-06 21:10:32: Run Frame358
[TRACE] 2025-01-06 21:10:32: Run Frame358
[TRACE] 2025-01-06 21:10:33: Run Frame358
[TRACE] 2025-01-06 21:10:33: Run Frame358
[TRACE] 2025-01-06 21:10:33: Run Frame358
[TRACE] 2025-01-06 21:10:33: Run Frame358
[TRACE] 2025-01-06 21:10:33: Run Frame358
[TRACE] 2025-01-06 21:10:33: Run Frame358
[TRACE] 2025-01-06 21:10:33: Run Frame358
[TRACE] 2025-01-06 21:10:33: Run Frame358
[TRACE] 2025-01-06 21:10:33: Run Frame358
[TRACE] 2025-01-06 21:10:33: Run Frame358
[TRACE] 2025-01-06 21:10:34: Run Frame358
[TRACE] 2025-01-06 21:10:34: Run Frame358
[TRACE] 2025-01-06 21:10:34: Run Frame358
[TRACE] 2025-01-06 21:10:34: Run Frame358
[TRACE] 2025-01-06 21:10:34: Run Frame358
[TRACE] 2025-01-06 21:10:34: Run Frame358
[TRACE] 2025-01-06 21:10:34: Run Frame358
[TRACE] 2025-01-06 21:10:34: Run Frame358
[TRACE] 2025-01-06 21:10:34: Run Frame358
[TRACE] 2025-01-06 21:10:34: Run Frame358
[TRACE] 2025-01-06 21:10:35: Run Frame358
[TRACE] 2025-01-06 21:10:35: Run Frame358
[TRACE] 2025-01-06 21:10:35: Run Frame358
[TRACE] 2025-01-06 21:10:35: Run Frame358
[TRACE] 2025-01-06 21:10:35: Run Frame358
[TRACE] 2025-01-06 21:10:35: Run Frame358
[TRACE] 2025-01-06 21:10:35: Run Frame358
[TRACE] 2025-01-06 21:10:35: Run Frame358
[TRACE] 2025-01-06 21:10:35: Run Frame358
[TRACE] 2025-01-06 21:10:35: Run Frame358
[TRACE] 2025-01-06 21:10:36: Run Frame358
[TRACE] 2025-01-06 21:10:36: Run Frame358
[TRACE] 2025-01-06 21:10:36: Run Frame358
[TRACE] 2025-01-06 21:10:36: Run Frame358
[TRACE] 2025-01-06 21:10:36: Run Frame358
[TRACE] 2025-01-06 21:10:36: Run Frame358
[TRACE] 2025-01-06 21:10:36: Run Frame358
[TRACE] 2025-01-06 21:10:36: Run Frame358
[TRACE] 2025-01-06 21:10:36: Run Frame358
[TRACE] 2025-01-06 21:10:36: Run Frame358
[TRACE] 2025-01-06 21:10:37: Run Frame358
[TRACE] 2025-01-06 21:10:37: Run Frame358
[TRACE] 2025-01-06 21:10:37: Run Frame358
[TRACE] 2025-01-06 21:10:37: Run Frame358
[TRACE] 2025-01-06 21:10:37: Run Frame358
[TRACE] 2025-01-06 21:10:37: Run Frame358
[TRACE] 2025-01-06 21:10:37: Run Frame358
[TRACE] 2025-01-06 21:10:37: Run Frame358
[TRACE] 2025-01-06 21:10:37: Run Frame358
[TRACE] 2025-01-06 21:10:37: Run Frame358
[TRACE] 2025-01-06 21:10:38: Run Frame358
[TRACE] 2025-01-06 21:10:38: Run Frame358
[TRACE] 2025-01-06 21:10:38: Run Frame358
[TRACE] 2025-01-06 21:10:38: Run Frame358
[TRACE] 2025-01-06 21:10:38: Run Frame358
[TRACE] 2025-01-06 21:10:38: Run Frame358
[TRACE] 2025-01-06 21:10:38: Run Frame358
[TRACE] 2025-01-06 21:10:38: Run Frame358
[TRACE] 2025-01-06 21:10:38: Run Frame358
[TRACE] 2025-01-06 21:10:38: Run Frame358
[TRACE] 2025-01-06 21:10:39: Run Frame358
[TRACE] 2025-01-06 21:10:39: Run Frame358
[TRACE] 2025-01-06 21:10:39: Run Frame358
[TRACE] 2025-01-06 21:10:39: Run Frame358
[TRACE] 2025-01-06 21:10:39: Run Frame358
[TRACE] 2025-01-06 21:10:39: Run Frame358
[TRACE] 2025-01-06 21:10:39: Run Frame358
[TRACE] 2025-01-06 21:10:39: Run Frame358
[TRACE] 2025-01-06 21:10:39: Run Frame358
[TRACE] 2025-01-06 21:10:39: Run Frame358
[TRACE] 2025-01-06 21:10:40: Run Frame358
[TRACE] 2025-01-06 21:10:40: Run Frame358
[TRACE] 2025-01-06 21:10:40: Run Frame358
[TRACE] 2025-01-06 21:10:40: Run Frame358
[TRACE] 2025-01-06 21:10:40: Run Frame358
[TRACE] 2025-01-06 21:10:40: Run Frame358
[TRACE] 2025-01-06 21:10:40: Run Frame358
[TRACE] 2025-01-06 21:10:40: Run Frame358
[TRACE] 2025-01-06 21:10:40: Run Frame358
[TRACE] 2025-01-06 21:10:40: Run Frame358
[TRACE] 2025-01-06 21:10:41: Run Frame358
[TRACE] 2025-01-06 21:10:41: Run Frame358
[TRACE] 2025-01-06 21:10:41: Run Frame358
[TRACE] 2025-01-06 21:10:41: Run Frame358
[TRACE] 2025-01-06 21:10:41: Run Frame358
[TRACE] 2025-01-06 21:10:41: Run Frame358
[TRACE] 2025-01-06 21:10:41: Run Frame358
[TRACE] 2025-01-06 21:10:41: Run Frame358
[TRACE] 2025-01-06 21:10:41: Run Frame358
[TRACE] 2025-01-06 21:10:41: Run Frame358
[TRACE] 2025-01-06 21:10:42: Run Frame358
[TRACE] 2025-01-06 21:10:42: Run Frame358
[TRACE] 2025-01-06 21:10:42: Run Frame358
[TRACE] 2025-01-06 21:10:42: Run Frame358
[TRACE] 2025-01-06 21:10:42: Run Frame358
[TRACE] 2025-01-06 21:10:42: Run Frame358
[TRACE] 2025-01-06 21:10:42: Run Frame358
[TRACE] 2025-01-06 21:10:42: Run Frame358
[TRACE] 2025-01-06 21:10:42: Run Frame358
[TRACE] 2025-01-06 21:10:42: Run Frame358
[TRACE] 2025-01-06 21:10:43: Run Frame358
[TRACE] 2025-01-06 21:10:43: Run Frame358
[TRACE] 2025-01-06 21:10:43: Run Frame358
[TRACE] 2025-01-06 21:10:43: Run Frame358
[TRACE] 2025-01-06 21:10:43: Run Frame358
[TRACE] 2025-01-06 21:10:43: Run Frame358
[TRACE] 2025-01-06 21:10:43: Run Frame358
[TRACE] 2025-01-06 21:10:43: Run Frame358
[TRACE] 2025-01-06 21:10:43: Run Frame358
[TRACE] 2025-01-06 21:10:43: Run Frame358
[TRACE] 2025-01-06 21:10:44: Run Frame358
[TRACE] 2025-01-06 21:10:44: Run Frame358
[TRACE] 2025-01-06 21:10:44: Run Frame358
[TRACE] 2025-01-06 21:10:44: Run Frame358
[TRACE] 2025-01-06 21:10:44: Run Frame358
[TRACE] 2025-01-06 21:10:44: Run Frame358
[TRACE] 2025-01-06 21:10:44: Run Frame358
[TRACE] 2025-01-06 21:10:44: Run Frame358
[TRACE] 2025-01-06 21:10:44: Run Frame358
[TRACE] 2025-01-06 21:10:44: Run Frame358
[TRACE] 2025-01-06 21:10:45: Run Frame358
[TRACE] 2025-01-06 21:10:45: Run Frame358
[TRACE] 2025-01-06 21:10:45: Run Frame358
[TRACE] 2025-01-06 21:10:45: Run Frame358
[TRACE] 2025-01-06 21:10:45: Run Frame358
[TRACE] 2025-01-06 21:10:45: Run Frame358
[TRACE] 2025-01-06 21:10:45: Run Frame358
[TRACE] 2025-01-06 21:10:45: Run Frame358
[TRACE] 2025-01-06 21:10:45: Run Frame358
[TRACE] 2025-01-06 21:10:45: Run Frame358
[TRACE] 2025-01-06 21:10:46: Run Frame358
[TRACE] 2025-01-06 21:10:46: Run Frame358
[TRACE] 2025-01-06 21:10:46: Run Frame358
[TRACE] 2025-01-06 21:10:46: Run Frame358
[TRACE] 2025-01-06 21:10:46: Run Frame358
[TRACE] 2025-01-06 21:10:46: Run Frame358
[TRACE] 2025-01-06 21:10:46: Run Frame358
[TRACE] 2025-01-06 21:10:46: Run Frame358
[TRACE] 2025-01-06 21:10:46: Run Frame358
[TRACE] 2025-01-06 21:10:46: Run Frame358
[TRACE] 2025-01-06 21:10:47: Run Frame358
[TRACE] 2025-01-06 21:10:47: Run Frame358
[TRACE] 2025-01-06 21:10:47: Run Frame358
[TRACE] 2025-01-06 21:10:47: Run Frame358
[TRACE] 2025-01-06 21:10:47: Run Frame358
[TRACE] 2025-01-06 21:10:47: Run Frame358
[TRACE] 2025-01-06 21:10:47: Run Frame358
[TRACE] 2025-01-06 21:10:47: Run Frame358
[TRACE] 2025-01-06 21:10:47: Run Frame358
[TRACE] 2025-01-06 21:10:47: Run Frame358
[TRACE] 2025-01-06 21:10:48: Run Frame358
[TRACE] 2025-01-06 21:10:48: Run Frame358
[TRACE] 2025-01-06 21:10:48: Run Frame358
[TRACE] 2025-01-06 21:10:48: Run Frame358
[TRACE] 2025-01-06 21:10:48: Run Frame358
[TRACE] 2025-01-06 21:10:48: Run Frame358
[TRACE] 2025-01-06 21:10:48: Run Frame358
[TRACE] 2025-01-06 21:10:48: Run Frame358
[TRACE] 2025-01-06 21:10:48: Run Frame358
[TRACE] 2025-01-06 21:10:48: Run Frame358
[TRACE] 2025-01-06 21:10:49: Run Frame358
[TRACE] 2025-01-06 21:10:49: Run Frame358
[TRACE] 2025-01-06 21:10:49: Run Frame358
[TRACE] 2025-01-06 21:10:49: Run Frame358
[TRACE] 2025-01-06 21:10:49: Run Frame358
[TRACE] 2025-01-06 21:10:49: Run Frame358
[TRACE] 2025-01-06 21:10:49: Run Frame358
[TRACE] 2025-01-06 21:10:49: Run Frame358
[TRACE] 2025-01-06 21:10:49: Run Frame358
[TRACE] 2025-01-06 21:10:49: Run Frame358
[TRACE] 2025-01-06 21:10:50: Run Frame358
[TRACE] 2025-01-06 21:10:50: Run Frame358
[TRACE] 2025-01-06 21:10:50: Run Frame358
[TRACE] 2025-01-06 21:10:50: Run Frame358
[TRACE] 2025-01-06 21:10:50: Run Frame358
[TRACE] 2025-01-06 21:10:50: Run Frame358
[TRACE] 2025-01-06 21:10:50: Run Frame358
[TRACE] 2025-01-06 21:10:50: Run Frame358
[TRACE] 2025-01-06 21:10:50: Run Frame358
[TRACE] 2025-01-06 21:10:50: Run Frame358
[TRACE] 2025-01-06 21:10:51: Run Frame358
[TRACE] 2025-01-06 21:10:51: Run Frame358
[TRACE] 2025-01-06 21:10:51: Run Frame358
[TRACE] 2025-01-06 21:10:51: Run Frame358
[TRACE] 2025-01-06 21:10:51: Run Frame358
[TRACE] 2025-01-06 21:10:51: Run Frame358
[TRACE] 2025-01-06 21:10:51: Run Frame358
[TRACE] 2025-01-06 21:10:51: Run Frame358
[TRACE] 2025-01-06 21:10:51: Run Frame358
[TRACE] 2025-01-06 21:10:51: Run Frame358
[TRACE] 2025-01-06 21:10:52: Run Frame358
[TRACE] 2025-01-06 21:10:52: Run Frame358
[TRACE] 2025-01-06 21:10:52: Run Frame358
[TRACE] 2025-01-06 21:10:52: Run Frame358
[TRACE] 2025-01-06 21:10:52: Run Frame358
[TRACE] 2025-01-06 21:10:52: Run Frame358
[TRACE] 2025-01-06 21:10:52: Run Frame358
[TRACE] 2025-01-06 21:10:52: Run Frame358
[TRACE] 2025-01-06 21:10:52: Run Frame358
[TRACE] 2025-01-06 21:10:52: Run Frame358
[TRACE] 2025-01-06 21:10:53: Run Frame358
[TRACE] 2025-01-06 21:10:53: Run Frame358
[TRACE] 2025-01-06 21:10:53: Run Frame358
[TRACE] 2025-01-06 21:10:53: Run Frame358
[TRACE] 2025-01-06 21:10:53: Run Frame358
[TRACE] 2025-01-06 21:10:53: Run Frame358
[TRACE] 2025-01-06 21:10:53: Run Frame358
[TRACE] 2025-01-06 21:10:53: Run Frame358
[TRACE] 2025-01-06 21:10:53: Run Frame358
[TRACE] 2025-01-06 21:10:53: Run Frame358
[TRACE] 2025-01-06 21:10:54: Run Frame358
[TRACE] 2025-01-06 21:10:54: Run Frame358
[TRACE] 2025-01-06 21:10:54: Run Frame358
[TRACE] 2025-01-06 21:10:54: Run Frame358
[TRACE] 2025-01-06 21:10:54: Run Frame358
[TRACE] 2025-01-06 21:10:54: Run Frame358
[TRACE] 2025-01-06 21:10:54: Run Frame358
[TRACE] 2025-01-06 21:10:54: Run Frame358
[TRACE] 2025-01-06 21:10:54: Run Frame358
[TRACE] 2025-01-06 21:10:54: Run Frame358
[TRACE] 2025-01-06 21:10:55: Run Frame358
[TRACE] 2025-01-06 21:10:55: Run Frame358
[TRACE] 2025-01-06 21:10:55: Run Frame358
[TRACE] 2025-01-06 21:10:55: Run Frame358
[TRACE] 2025-01-06 21:10:55: Run Frame358
[TRACE] 2025-01-06 21:10:55: Run Frame358
[TRACE] 2025-01-06 21:10:55: Run Frame358
[TRACE] 2025-01-06 21:10:55: Run Frame358
[TRACE] 2025-01-06 21:10:55: Run Frame358
[TRACE] 2025-01-06 21:10:55: Run Frame358
[TRACE] 2025-01-06 21:10:56: Run Frame358
[TRACE] 2025-01-06 21:10:56: Run Frame358
[TRACE] 2025-01-06 21:10:56: Run Frame358
[TRACE] 2025-01-06 21:10:56: Run Frame358
[TRACE] 2025-01-06 21:10:56: Run Frame358
[TRACE] 2025-01-06 21:10:56: Run Frame358
[TRACE] 2025-01-06 21:10:56: Run Frame358
[TRACE] 2025-01-06 21:10:56: Run Frame358
[TRACE] 2025-01-06 21:10:56: Run Frame358
[TRACE] 2025-01-06 21:10:56: Run Frame358
[TRACE] 2025-01-06 21:10:57: Run Frame358
[TRACE] 2025-01-06 21:10:57: Run Frame358
[TRACE] 2025-01-06 21:10:57: Run Frame358
[TRACE] 2025-01-06 21:10:57: Run Frame358
[TRACE] 2025-01-06 21:10:57: Run Frame358
[TRACE] 2025-01-06 21:10:57: Run Frame358
[TRACE] 2025-01-06 21:10:57: Run Frame358
[TRACE] 2025-01-06 21:10:57: Run Frame358
[TRACE] 2025-01-06 21:10:57: Run Frame358
[TRACE] 2025-01-06 21:10:57: Run Frame358
[TRACE] 2025-01-06 21:10:58: Run Frame358
[TRACE] 2025-01-06 21:10:58: Run Frame358
[TRACE] 2025-01-06 21:10:58: Run Frame358
[TRACE] 2025-01-06 21:10:58: Run Frame358
[TRACE] 2025-01-06 21:10:58: Run Frame358
[TRACE] 2025-01-06 21:10:58: Run Frame358
[TRACE] 2025-01-06 21:10:58: Run Frame358
[TRACE] 2025-01-06 21:10:58: Run Frame358
[TRACE] 2025-01-06 21:10:58: Run Frame358
[TRACE] 2025-01-06 21:10:58: Run Frame358
[TRACE] 2025-01-06 21:10:59: Run Frame358
[TRACE] 2025-01-06 21:10:59: Run Frame358
[TRACE] 2025-01-06 21:10:59: Run Frame358
[TRACE] 2025-01-06 21:10:59: Run Frame358
[TRACE] 2025-01-06 21:10:59: Run Frame358
[TRACE] 2025-01-06 21:10:59: Run Frame358
[TRACE] 2025-01-06 21:10:59: Run Frame358
[TRACE] 2025-01-06 21:10:59: Run Frame358
[TRACE] 2025-01-06 21:10:59: Run Frame358
[TRACE] 2025-01-06 21:10:59: Run Frame358
[TRACE] 2025-01-06 21:11:00: Run Frame358
[TRACE] 2025-01-06 21:11:00: Run Frame358
[TRACE] 2025-01-06 21:11:00: Run Frame358
[TRACE] 2025-01-06 21:11:00: Run Frame358
[TRACE] 2025-01-06 21:11:00: Run Frame358
[TRACE] 2025-01-06 21:11:00: Run Frame358
[TRACE] 2025-01-06 21:11:00: Run Frame358
[TRACE] 2025-01-06 21:11:00: Run Frame358
[TRACE] 2025-01-06 21:11:00: Run Frame358
[TRACE] 2025-01-06 21:11:00: Run Frame358
[TRACE] 2025-01-06 21:11:01: Run Frame358
[TRACE] 2025-01-06 21:11:01: Run Frame358
[TRACE] 2025-01-06 21:11:01: Run Frame358
[TRACE] 2025-01-06 21:11:01: Run Frame358
[TRACE] 2025-01-06 21:11:01: Run Frame358
[TRACE] 2025-01-06 21:11:01: Run Frame358
[TRACE] 2025-01-06 21:11:01: Stop Session
[INFO ] 2025-01-09 12:38:49: |========================================================================================|
[INFO ] 2025-01-09 12:38:49: motion compensation dll loaded...
[TRACE] 2025-01-09 12:38:49: Trace messages enabled.
[DEBUG] 2025-01-09 12:38:49: Debug messages enabled.
[TRACE] 2025-01-09 12:38:49: Init Facade
